{"/Users/ofoegbugoodnews/projects/react-native-projects/startersaga/src/api/user.js": {"path":"/Users/ofoegbugoodnews/projects/react-native-projects/startersaga/src/api/user.js","statementMap":{"0":{"start":{"line":4,"column":15},"end":{"line":11,"column":1}},"1":{"start":{"line":5,"column":19},"end":{"line":5,"column":69}},"2":{"start":{"line":6,"column":15},"end":{"line":6,"column":34}},"3":{"start":{"line":7,"column":2},"end":{"line":9,"column":3}},"4":{"start":{"line":8,"column":4},"end":{"line":8,"column":32}},"5":{"start":{"line":10,"column":2},"end":{"line":10,"column":14}},"6":{"start":{"line":13,"column":23},"end":{"line":20,"column":1}},"7":{"start":{"line":14,"column":19},"end":{"line":14,"column":78}},"8":{"start":{"line":15,"column":15},"end":{"line":15,"column":34}},"9":{"start":{"line":16,"column":2},"end":{"line":18,"column":3}},"10":{"start":{"line":17,"column":4},"end":{"line":17,"column":32}},"11":{"start":{"line":19,"column":2},"end":{"line":19,"column":14}},"12":{"start":{"line":22,"column":22},"end":{"line":29,"column":1}},"13":{"start":{"line":23,"column":19},"end":{"line":23,"column":77}},"14":{"start":{"line":24,"column":15},"end":{"line":24,"column":34}},"15":{"start":{"line":25,"column":2},"end":{"line":27,"column":3}},"16":{"start":{"line":26,"column":4},"end":{"line":26,"column":32}},"17":{"start":{"line":28,"column":2},"end":{"line":28,"column":14}},"18":{"start":{"line":31,"column":12},"end":{"line":38,"column":1}},"19":{"start":{"line":32,"column":19},"end":{"line":32,"column":75}},"20":{"start":{"line":33,"column":15},"end":{"line":33,"column":34}},"21":{"start":{"line":34,"column":2},"end":{"line":36,"column":3}},"22":{"start":{"line":35,"column":4},"end":{"line":35,"column":32}},"23":{"start":{"line":37,"column":2},"end":{"line":37,"column":14}}},"fnMap":{"0":{"name":"(anonymous_0)","decl":{"start":{"line":4,"column":15},"end":{"line":4,"column":16}},"loc":{"start":{"line":4,"column":32},"end":{"line":11,"column":1}},"line":4},"1":{"name":"(anonymous_1)","decl":{"start":{"line":13,"column":23},"end":{"line":13,"column":24}},"loc":{"start":{"line":13,"column":40},"end":{"line":20,"column":1}},"line":13},"2":{"name":"(anonymous_2)","decl":{"start":{"line":22,"column":22},"end":{"line":22,"column":23}},"loc":{"start":{"line":22,"column":39},"end":{"line":29,"column":1}},"line":22},"3":{"name":"(anonymous_3)","decl":{"start":{"line":31,"column":12},"end":{"line":31,"column":13}},"loc":{"start":{"line":31,"column":29},"end":{"line":38,"column":1}},"line":31}},"branchMap":{"0":{"loc":{"start":{"line":7,"column":2},"end":{"line":9,"column":3}},"type":"if","locations":[{"start":{"line":7,"column":2},"end":{"line":9,"column":3}},{"start":{"line":7,"column":2},"end":{"line":9,"column":3}}],"line":7},"1":{"loc":{"start":{"line":16,"column":2},"end":{"line":18,"column":3}},"type":"if","locations":[{"start":{"line":16,"column":2},"end":{"line":18,"column":3}},{"start":{"line":16,"column":2},"end":{"line":18,"column":3}}],"line":16},"2":{"loc":{"start":{"line":25,"column":2},"end":{"line":27,"column":3}},"type":"if","locations":[{"start":{"line":25,"column":2},"end":{"line":27,"column":3}},{"start":{"line":25,"column":2},"end":{"line":27,"column":3}}],"line":25},"3":{"loc":{"start":{"line":34,"column":2},"end":{"line":36,"column":3}},"type":"if","locations":[{"start":{"line":34,"column":2},"end":{"line":36,"column":3}},{"start":{"line":34,"column":2},"end":{"line":36,"column":3}}],"line":34}},"s":{"0":1,"1":0,"2":0,"3":0,"4":0,"5":0,"6":1,"7":0,"8":0,"9":0,"10":0,"11":0,"12":1,"13":0,"14":0,"15":0,"16":0,"17":0,"18":1,"19":0,"20":0,"21":0,"22":0,"23":0},"f":{"0":0,"1":0,"2":0,"3":0},"b":{"0":[0,0],"1":[0,0],"2":[0,0],"3":[0,0]},"_coverageSchema":"43e27e138ebf9cfc5966b082cf9a028302ed4184","hash":"f2d2fb5b43bfa0abb14133b98b5c454a54b23d07"}
,"/Users/ofoegbugoodnews/projects/react-native-projects/startersaga/src/base/index.js": {"path":"/Users/ofoegbugoodnews/projects/react-native-projects/startersaga/src/base/index.js","statementMap":{"0":{"start":{"line":3,"column":23},"end":{"line":3,"column":70}}},"fnMap":{},"branchMap":{},"s":{"0":2},"f":{},"b":{},"_coverageSchema":"43e27e138ebf9cfc5966b082cf9a028302ed4184","hash":"3e01a08045bef3e29740b8f0548f320396df20b8"}
,"/Users/ofoegbugoodnews/projects/react-native-projects/startersaga/src/component/common/cards/Card.js": {"path":"/Users/ofoegbugoodnews/projects/react-native-projects/startersaga/src/component/common/cards/Card.js","statementMap":{"0":{"start":{"line":4,"column":13},"end":{"line":13,"column":1}},"1":{"start":{"line":6,"column":31},"end":{"line":6,"column":36}},"2":{"start":{"line":8,"column":4},"end":{"line":12,"column":6}},"3":{"start":{"line":16,"column":14},"end":{"line":31,"column":1}}},"fnMap":{"0":{"name":"(anonymous_0)","decl":{"start":{"line":4,"column":13},"end":{"line":4,"column":14}},"loc":{"start":{"line":4,"column":24},"end":{"line":13,"column":1}},"line":4}},"branchMap":{},"s":{"0":2,"1":0,"2":0,"3":2},"f":{"0":0},"b":{},"_coverageSchema":"43e27e138ebf9cfc5966b082cf9a028302ed4184","hash":"c7f8f7b6ff26bd5bc21876451e97c10d284ce4de"}
,"/Users/ofoegbugoodnews/projects/react-native-projects/startersaga/src/component/common/cards/CardSection.js": {"path":"/Users/ofoegbugoodnews/projects/react-native-projects/startersaga/src/component/common/cards/CardSection.js","statementMap":{"0":{"start":{"line":4,"column":20},"end":{"line":11,"column":1}},"1":{"start":{"line":5,"column":31},"end":{"line":5,"column":36}},"2":{"start":{"line":7,"column":4},"end":{"line":10,"column":17}},"3":{"start":{"line":13,"column":14},"end":{"line":23,"column":1}}},"fnMap":{"0":{"name":"(anonymous_0)","decl":{"start":{"line":4,"column":20},"end":{"line":4,"column":21}},"loc":{"start":{"line":4,"column":31},"end":{"line":11,"column":1}},"line":4}},"branchMap":{},"s":{"0":1,"1":0,"2":0,"3":1},"f":{"0":0},"b":{},"_coverageSchema":"43e27e138ebf9cfc5966b082cf9a028302ed4184","hash":"5048e6d6098019e1370d778c96fa41cfca6fcbb8"}
,"/Users/ofoegbugoodnews/projects/react-native-projects/startersaga/src/component/forms/auth/LoginFormInput.js": {"path":"/Users/ofoegbugoodnews/projects/react-native-projects/startersaga/src/component/forms/auth/LoginFormInput.js","statementMap":{"0":{"start":{"line":11,"column":32},"end":{"line":11,"column":42}},"1":{"start":{"line":12,"column":4},"end":{"line":34,"column":5}},"2":{"start":{"line":18,"column":35},"end":{"line":18,"column":84}},"3":{"start":{"line":28,"column":35},"end":{"line":28,"column":87}},"4":{"start":{"line":39,"column":24},"end":{"line":42,"column":1}},"5":{"start":{"line":40,"column":30},"end":{"line":40,"column":40}},"6":{"start":{"line":41,"column":2},"end":{"line":41,"column":29}},"7":{"start":{"line":44,"column":27},"end":{"line":46,"column":1}}},"fnMap":{"0":{"name":"(anonymous_0)","decl":{"start":{"line":10,"column":2},"end":{"line":10,"column":3}},"loc":{"start":{"line":10,"column":11},"end":{"line":35,"column":3}},"line":10},"1":{"name":"(anonymous_1)","decl":{"start":{"line":18,"column":26},"end":{"line":18,"column":27}},"loc":{"start":{"line":18,"column":35},"end":{"line":18,"column":84}},"line":18},"2":{"name":"(anonymous_2)","decl":{"start":{"line":28,"column":26},"end":{"line":28,"column":27}},"loc":{"start":{"line":28,"column":35},"end":{"line":28,"column":87}},"line":28},"3":{"name":"(anonymous_3)","decl":{"start":{"line":39,"column":24},"end":{"line":39,"column":25}},"loc":{"start":{"line":39,"column":33},"end":{"line":42,"column":1}},"line":39}},"branchMap":{},"s":{"0":0,"1":0,"2":0,"3":0,"4":1,"5":0,"6":0,"7":1},"f":{"0":0,"1":0,"2":0,"3":0},"b":{},"_coverageSchema":"43e27e138ebf9cfc5966b082cf9a028302ed4184","hash":"5182329e339d8338f9eb66c9a5ae22960bde0474"}
,"/Users/ofoegbugoodnews/projects/react-native-projects/startersaga/src/component/forms/elements/Button.js": {"path":"/Users/ofoegbugoodnews/projects/react-native-projects/startersaga/src/component/forms/elements/Button.js","statementMap":{"0":{"start":{"line":4,"column":15},"end":{"line":15,"column":1}},"1":{"start":{"line":5,"column":39},"end":{"line":5,"column":45}},"2":{"start":{"line":6,"column":4},"end":{"line":14,"column":5}},"3":{"start":{"line":17,"column":15},"end":{"line":36,"column":1}}},"fnMap":{"0":{"name":"(anonymous_0)","decl":{"start":{"line":4,"column":15},"end":{"line":4,"column":16}},"loc":{"start":{"line":4,"column":42},"end":{"line":15,"column":1}},"line":4}},"branchMap":{},"s":{"0":1,"1":0,"2":0,"3":1},"f":{"0":0},"b":{},"_coverageSchema":"43e27e138ebf9cfc5966b082cf9a028302ed4184","hash":"bdfd313ea63cca3b961b7098a88bf3a33b8b4d72"}
,"/Users/ofoegbugoodnews/projects/react-native-projects/startersaga/src/component/forms/elements/Input.js": {"path":"/Users/ofoegbugoodnews/projects/react-native-projects/startersaga/src/component/forms/elements/Input.js","statementMap":{"0":{"start":{"line":4,"column":14},"end":{"line":28,"column":1}},"1":{"start":{"line":13,"column":55},"end":{"line":13,"column":61}},"2":{"start":{"line":14,"column":4},"end":{"line":27,"column":6}},"3":{"start":{"line":30,"column":15},"end":{"line":49,"column":1}}},"fnMap":{"0":{"name":"(anonymous_0)","decl":{"start":{"line":4,"column":14},"end":{"line":4,"column":15}},"loc":{"start":{"line":12,"column":6},"end":{"line":28,"column":1}},"line":12}},"branchMap":{"0":{"loc":{"start":{"line":9,"column":4},"end":{"line":9,"column":27}},"type":"default-arg","locations":[{"start":{"line":9,"column":21},"end":{"line":9,"column":27}}],"line":9},"1":{"loc":{"start":{"line":11,"column":4},"end":{"line":11,"column":23}},"type":"default-arg","locations":[{"start":{"line":11,"column":18},"end":{"line":11,"column":23}}],"line":11}},"s":{"0":1,"1":0,"2":0,"3":1},"f":{"0":0},"b":{"0":[0],"1":[0]},"_coverageSchema":"43e27e138ebf9cfc5966b082cf9a028302ed4184","hash":"73fb5a3e48eea9be9793fa71d3a361d741092ee9"}
,"/Users/ofoegbugoodnews/projects/react-native-projects/startersaga/src/component/layout/Header.js": {"path":"/Users/ofoegbugoodnews/projects/react-native-projects/startersaga/src/component/layout/Header.js","statementMap":{"0":{"start":{"line":4,"column":15},"end":{"line":14,"column":1}},"1":{"start":{"line":5,"column":37},"end":{"line":5,"column":43}},"2":{"start":{"line":7,"column":4},"end":{"line":13,"column":5}},"3":{"start":{"line":17,"column":15},"end":{"line":33,"column":1}}},"fnMap":{"0":{"name":"(anonymous_0)","decl":{"start":{"line":4,"column":15},"end":{"line":4,"column":16}},"loc":{"start":{"line":4,"column":26},"end":{"line":14,"column":1}},"line":4}},"branchMap":{},"s":{"0":1,"1":1,"2":1,"3":1},"f":{"0":1},"b":{},"_coverageSchema":"43e27e138ebf9cfc5966b082cf9a028302ed4184","hash":"f39ec893ce29bb24d89975c8f5eb1f15ecc96c4b"}
,"/Users/ofoegbugoodnews/projects/react-native-projects/startersaga/src/pages/auth/SigninScene.js": {"path":"/Users/ofoegbugoodnews/projects/react-native-projects/startersaga/src/pages/auth/SigninScene.js","statementMap":{"0":{"start":{"line":13,"column":18},"end":{"line":16,"column":3}},"1":{"start":{"line":14,"column":32},"end":{"line":14,"column":42}},"2":{"start":{"line":15,"column":4},"end":{"line":15,"column":53}},"3":{"start":{"line":20,"column":4},"end":{"line":33,"column":6}},"4":{"start":{"line":29,"column":31},"end":{"line":29,"column":47}},"5":{"start":{"line":30,"column":31},"end":{"line":30,"column":55}},"6":{"start":{"line":37,"column":27},"end":{"line":40,"column":1}},"7":{"start":{"line":42,"column":24},"end":{"line":48,"column":1}},"8":{"start":{"line":43,"column":30},"end":{"line":43,"column":40}},"9":{"start":{"line":44,"column":2},"end":{"line":47,"column":4}}},"fnMap":{"0":{"name":"(anonymous_0)","decl":{"start":{"line":13,"column":18},"end":{"line":13,"column":19}},"loc":{"start":{"line":13,"column":24},"end":{"line":16,"column":3}},"line":13},"1":{"name":"(anonymous_1)","decl":{"start":{"line":18,"column":2},"end":{"line":18,"column":3}},"loc":{"start":{"line":18,"column":11},"end":{"line":34,"column":3}},"line":18},"2":{"name":"(anonymous_2)","decl":{"start":{"line":29,"column":25},"end":{"line":29,"column":26}},"loc":{"start":{"line":29,"column":31},"end":{"line":29,"column":47}},"line":29},"3":{"name":"(anonymous_3)","decl":{"start":{"line":30,"column":25},"end":{"line":30,"column":26}},"loc":{"start":{"line":30,"column":31},"end":{"line":30,"column":55}},"line":30},"4":{"name":"(anonymous_4)","decl":{"start":{"line":42,"column":24},"end":{"line":42,"column":25}},"loc":{"start":{"line":42,"column":35},"end":{"line":48,"column":1}},"line":42}},"branchMap":{},"s":{"0":0,"1":0,"2":0,"3":0,"4":0,"5":0,"6":1,"7":1,"8":0,"9":0},"f":{"0":0,"1":0,"2":0,"3":0,"4":0},"b":{},"_coverageSchema":"43e27e138ebf9cfc5966b082cf9a028302ed4184","hash":"d38b327216e31f70f404953bb2753778e15382ef"}
,"/Users/ofoegbugoodnews/projects/react-native-projects/startersaga/src/redux/actions/authAction.js": {"path":"/Users/ofoegbugoodnews/projects/react-native-projects/startersaga/src/redux/actions/authAction.js","statementMap":{"0":{"start":{"line":14,"column":32},"end":{"line":17,"column":2}},"1":{"start":{"line":14,"column":46},"end":{"line":17,"column":1}},"2":{"start":{"line":19,"column":32},"end":{"line":22,"column":2}},"3":{"start":{"line":19,"column":46},"end":{"line":22,"column":1}},"4":{"start":{"line":24,"column":31},"end":{"line":27,"column":2}},"5":{"start":{"line":24,"column":45},"end":{"line":27,"column":1}},"6":{"start":{"line":29,"column":33},"end":{"line":31,"column":2}},"7":{"start":{"line":29,"column":40},"end":{"line":31,"column":1}},"8":{"start":{"line":33,"column":33},"end":{"line":35,"column":2}},"9":{"start":{"line":33,"column":40},"end":{"line":35,"column":1}},"10":{"start":{"line":37,"column":32},"end":{"line":39,"column":2}},"11":{"start":{"line":37,"column":39},"end":{"line":39,"column":1}},"12":{"start":{"line":41,"column":39},"end":{"line":44,"column":2}},"13":{"start":{"line":41,"column":53},"end":{"line":44,"column":1}},"14":{"start":{"line":46,"column":39},"end":{"line":49,"column":2}},"15":{"start":{"line":46,"column":53},"end":{"line":49,"column":1}},"16":{"start":{"line":51,"column":38},"end":{"line":54,"column":2}},"17":{"start":{"line":51,"column":52},"end":{"line":54,"column":1}},"18":{"start":{"line":56,"column":28},"end":{"line":59,"column":2}},"19":{"start":{"line":56,"column":50},"end":{"line":59,"column":1}}},"fnMap":{"0":{"name":"(anonymous_0)","decl":{"start":{"line":14,"column":32},"end":{"line":14,"column":33}},"loc":{"start":{"line":14,"column":46},"end":{"line":17,"column":1}},"line":14},"1":{"name":"(anonymous_1)","decl":{"start":{"line":19,"column":32},"end":{"line":19,"column":33}},"loc":{"start":{"line":19,"column":46},"end":{"line":22,"column":1}},"line":19},"2":{"name":"(anonymous_2)","decl":{"start":{"line":24,"column":31},"end":{"line":24,"column":32}},"loc":{"start":{"line":24,"column":45},"end":{"line":27,"column":1}},"line":24},"3":{"name":"(anonymous_3)","decl":{"start":{"line":29,"column":33},"end":{"line":29,"column":34}},"loc":{"start":{"line":29,"column":40},"end":{"line":31,"column":1}},"line":29},"4":{"name":"(anonymous_4)","decl":{"start":{"line":33,"column":33},"end":{"line":33,"column":34}},"loc":{"start":{"line":33,"column":40},"end":{"line":35,"column":1}},"line":33},"5":{"name":"(anonymous_5)","decl":{"start":{"line":37,"column":32},"end":{"line":37,"column":33}},"loc":{"start":{"line":37,"column":39},"end":{"line":39,"column":1}},"line":37},"6":{"name":"(anonymous_6)","decl":{"start":{"line":41,"column":39},"end":{"line":41,"column":40}},"loc":{"start":{"line":41,"column":53},"end":{"line":44,"column":1}},"line":41},"7":{"name":"(anonymous_7)","decl":{"start":{"line":46,"column":39},"end":{"line":46,"column":40}},"loc":{"start":{"line":46,"column":53},"end":{"line":49,"column":1}},"line":46},"8":{"name":"(anonymous_8)","decl":{"start":{"line":51,"column":38},"end":{"line":51,"column":39}},"loc":{"start":{"line":51,"column":52},"end":{"line":54,"column":1}},"line":51},"9":{"name":"(anonymous_9)","decl":{"start":{"line":56,"column":28},"end":{"line":56,"column":29}},"loc":{"start":{"line":56,"column":50},"end":{"line":59,"column":1}},"line":56}},"branchMap":{},"s":{"0":4,"1":1,"2":4,"3":1,"4":4,"5":1,"6":4,"7":1,"8":4,"9":1,"10":4,"11":1,"12":4,"13":1,"14":4,"15":1,"16":4,"17":1,"18":4,"19":1},"f":{"0":1,"1":1,"2":1,"3":1,"4":1,"5":1,"6":1,"7":1,"8":1,"9":1},"b":{},"_coverageSchema":"43e27e138ebf9cfc5966b082cf9a028302ed4184","hash":"ee3c19314c93a7631752434b96b4c8edec315831"}
,"/Users/ofoegbugoodnews/projects/react-native-projects/startersaga/src/redux/actions/index.js": {"path":"/Users/ofoegbugoodnews/projects/react-native-projects/startersaga/src/redux/actions/index.js","statementMap":{},"fnMap":{},"branchMap":{},"s":{},"f":{},"b":{},"_coverageSchema":"43e27e138ebf9cfc5966b082cf9a028302ed4184","hash":"ca82dd7a481bcb9a904daeb835161c6ad25c091b"}
,"/Users/ofoegbugoodnews/projects/react-native-projects/startersaga/src/redux/actions/userAction.js": {"path":"/Users/ofoegbugoodnews/projects/react-native-projects/startersaga/src/redux/actions/userAction.js","statementMap":{"0":{"start":{"line":17,"column":33},"end":{"line":20,"column":2}},"1":{"start":{"line":17,"column":47},"end":{"line":20,"column":1}},"2":{"start":{"line":22,"column":33},"end":{"line":25,"column":2}},"3":{"start":{"line":22,"column":47},"end":{"line":25,"column":1}},"4":{"start":{"line":27,"column":32},"end":{"line":30,"column":2}},"5":{"start":{"line":27,"column":46},"end":{"line":30,"column":1}},"6":{"start":{"line":32,"column":37},"end":{"line":35,"column":2}},"7":{"start":{"line":32,"column":51},"end":{"line":35,"column":1}},"8":{"start":{"line":37,"column":37},"end":{"line":40,"column":2}},"9":{"start":{"line":37,"column":51},"end":{"line":40,"column":1}},"10":{"start":{"line":42,"column":36},"end":{"line":45,"column":2}},"11":{"start":{"line":42,"column":50},"end":{"line":45,"column":1}},"12":{"start":{"line":47,"column":36},"end":{"line":50,"column":2}},"13":{"start":{"line":47,"column":50},"end":{"line":50,"column":1}},"14":{"start":{"line":52,"column":36},"end":{"line":55,"column":2}},"15":{"start":{"line":52,"column":50},"end":{"line":55,"column":1}},"16":{"start":{"line":57,"column":35},"end":{"line":60,"column":2}},"17":{"start":{"line":57,"column":49},"end":{"line":60,"column":1}},"18":{"start":{"line":62,"column":34},"end":{"line":65,"column":2}},"19":{"start":{"line":62,"column":48},"end":{"line":65,"column":1}},"20":{"start":{"line":67,"column":34},"end":{"line":70,"column":2}},"21":{"start":{"line":67,"column":48},"end":{"line":70,"column":1}},"22":{"start":{"line":72,"column":33},"end":{"line":75,"column":2}},"23":{"start":{"line":72,"column":47},"end":{"line":75,"column":1}},"24":{"start":{"line":77,"column":27},"end":{"line":80,"column":2}},"25":{"start":{"line":77,"column":49},"end":{"line":80,"column":1}}},"fnMap":{"0":{"name":"(anonymous_0)","decl":{"start":{"line":17,"column":33},"end":{"line":17,"column":34}},"loc":{"start":{"line":17,"column":47},"end":{"line":20,"column":1}},"line":17},"1":{"name":"(anonymous_1)","decl":{"start":{"line":22,"column":33},"end":{"line":22,"column":34}},"loc":{"start":{"line":22,"column":47},"end":{"line":25,"column":1}},"line":22},"2":{"name":"(anonymous_2)","decl":{"start":{"line":27,"column":32},"end":{"line":27,"column":33}},"loc":{"start":{"line":27,"column":46},"end":{"line":30,"column":1}},"line":27},"3":{"name":"(anonymous_3)","decl":{"start":{"line":32,"column":37},"end":{"line":32,"column":38}},"loc":{"start":{"line":32,"column":51},"end":{"line":35,"column":1}},"line":32},"4":{"name":"(anonymous_4)","decl":{"start":{"line":37,"column":37},"end":{"line":37,"column":38}},"loc":{"start":{"line":37,"column":51},"end":{"line":40,"column":1}},"line":37},"5":{"name":"(anonymous_5)","decl":{"start":{"line":42,"column":36},"end":{"line":42,"column":37}},"loc":{"start":{"line":42,"column":50},"end":{"line":45,"column":1}},"line":42},"6":{"name":"(anonymous_6)","decl":{"start":{"line":47,"column":36},"end":{"line":47,"column":37}},"loc":{"start":{"line":47,"column":50},"end":{"line":50,"column":1}},"line":47},"7":{"name":"(anonymous_7)","decl":{"start":{"line":52,"column":36},"end":{"line":52,"column":37}},"loc":{"start":{"line":52,"column":50},"end":{"line":55,"column":1}},"line":52},"8":{"name":"(anonymous_8)","decl":{"start":{"line":57,"column":35},"end":{"line":57,"column":36}},"loc":{"start":{"line":57,"column":49},"end":{"line":60,"column":1}},"line":57},"9":{"name":"(anonymous_9)","decl":{"start":{"line":62,"column":34},"end":{"line":62,"column":35}},"loc":{"start":{"line":62,"column":48},"end":{"line":65,"column":1}},"line":62},"10":{"name":"(anonymous_10)","decl":{"start":{"line":67,"column":34},"end":{"line":67,"column":35}},"loc":{"start":{"line":67,"column":48},"end":{"line":70,"column":1}},"line":67},"11":{"name":"(anonymous_11)","decl":{"start":{"line":72,"column":33},"end":{"line":72,"column":34}},"loc":{"start":{"line":72,"column":47},"end":{"line":75,"column":1}},"line":72},"12":{"name":"(anonymous_12)","decl":{"start":{"line":77,"column":27},"end":{"line":77,"column":28}},"loc":{"start":{"line":77,"column":49},"end":{"line":80,"column":1}},"line":77}},"branchMap":{},"s":{"0":4,"1":1,"2":4,"3":4,"4":4,"5":4,"6":4,"7":1,"8":4,"9":1,"10":4,"11":1,"12":4,"13":1,"14":4,"15":1,"16":4,"17":1,"18":4,"19":1,"20":4,"21":1,"22":4,"23":1,"24":4,"25":1},"f":{"0":1,"1":4,"2":4,"3":1,"4":1,"5":1,"6":1,"7":1,"8":1,"9":1,"10":1,"11":1,"12":1},"b":{},"_coverageSchema":"43e27e138ebf9cfc5966b082cf9a028302ed4184","hash":"e93373afcd279eb0834260d169f3c3831628f128"}
,"/Users/ofoegbugoodnews/projects/react-native-projects/startersaga/src/redux/reducers/authReducer.js": {"path":"/Users/ofoegbugoodnews/projects/react-native-projects/startersaga/src/redux/reducers/authReducer.js","statementMap":{"0":{"start":{"line":11,"column":19},"end":{"line":16,"column":1}},"1":{"start":{"line":19,"column":4},"end":{"line":52,"column":5}},"2":{"start":{"line":23,"column":12},"end":{"line":26,"column":13}},"3":{"start":{"line":28,"column":12},"end":{"line":32,"column":13}},"4":{"start":{"line":34,"column":12},"end":{"line":38,"column":13}},"5":{"start":{"line":40,"column":12},"end":{"line":44,"column":13}},"6":{"start":{"line":46,"column":12},"end":{"line":49,"column":14}},"7":{"start":{"line":51,"column":12},"end":{"line":51,"column":25}}},"fnMap":{"0":{"name":"(anonymous_0)","decl":{"start":{"line":18,"column":15},"end":{"line":18,"column":16}},"loc":{"start":{"line":18,"column":47},"end":{"line":53,"column":1}},"line":18}},"branchMap":{"0":{"loc":{"start":{"line":18,"column":16},"end":{"line":18,"column":34}},"type":"default-arg","locations":[{"start":{"line":18,"column":24},"end":{"line":18,"column":34}}],"line":18},"1":{"loc":{"start":{"line":19,"column":4},"end":{"line":52,"column":5}},"type":"switch","locations":[{"start":{"line":20,"column":8},"end":{"line":20,"column":32}},{"start":{"line":21,"column":8},"end":{"line":21,"column":33}},{"start":{"line":22,"column":8},"end":{"line":26,"column":13}},{"start":{"line":27,"column":8},"end":{"line":32,"column":13}},{"start":{"line":33,"column":8},"end":{"line":38,"column":13}},{"start":{"line":39,"column":8},"end":{"line":44,"column":13}},{"start":{"line":45,"column":8},"end":{"line":49,"column":14}},{"start":{"line":50,"column":8},"end":{"line":51,"column":25}}],"line":19}},"s":{"0":1,"1":8,"2":3,"3":1,"4":1,"5":1,"6":1,"7":1},"f":{"0":8},"b":{"0":[1],"1":[1,2,3,1,1,1,1,1]},"_coverageSchema":"43e27e138ebf9cfc5966b082cf9a028302ed4184","hash":"9b77af6b419f668d8261d640abf1b4e0cd5648da"}
,"/Users/ofoegbugoodnews/projects/react-native-projects/startersaga/src/redux/reducers/userReducers.js": {"path":"/Users/ofoegbugoodnews/projects/react-native-projects/startersaga/src/redux/reducers/userReducers.js","statementMap":{"0":{"start":{"line":14,"column":19},"end":{"line":28,"column":1}},"1":{"start":{"line":31,"column":2},"end":{"line":68,"column":3}},"2":{"start":{"line":36,"column":6},"end":{"line":39,"column":7}},"3":{"start":{"line":41,"column":6},"end":{"line":44,"column":7}},"4":{"start":{"line":46,"column":6},"end":{"line":50,"column":7}},"5":{"start":{"line":52,"column":6},"end":{"line":55,"column":7}},"6":{"start":{"line":57,"column":6},"end":{"line":60,"column":7}},"7":{"start":{"line":62,"column":6},"end":{"line":65,"column":8}},"8":{"start":{"line":67,"column":6},"end":{"line":67,"column":19}}},"fnMap":{"0":{"name":"(anonymous_0)","decl":{"start":{"line":30,"column":15},"end":{"line":30,"column":16}},"loc":{"start":{"line":30,"column":47},"end":{"line":69,"column":1}},"line":30}},"branchMap":{"0":{"loc":{"start":{"line":30,"column":16},"end":{"line":30,"column":34}},"type":"default-arg","locations":[{"start":{"line":30,"column":24},"end":{"line":30,"column":34}}],"line":30},"1":{"loc":{"start":{"line":31,"column":2},"end":{"line":68,"column":3}},"type":"switch","locations":[{"start":{"line":32,"column":4},"end":{"line":32,"column":29}},{"start":{"line":33,"column":4},"end":{"line":33,"column":33}},{"start":{"line":34,"column":4},"end":{"line":34,"column":32}},{"start":{"line":35,"column":4},"end":{"line":39,"column":7}},{"start":{"line":40,"column":4},"end":{"line":44,"column":7}},{"start":{"line":45,"column":4},"end":{"line":50,"column":7}},{"start":{"line":51,"column":4},"end":{"line":55,"column":7}},{"start":{"line":56,"column":4},"end":{"line":60,"column":7}},{"start":{"line":61,"column":4},"end":{"line":65,"column":8}},{"start":{"line":66,"column":4},"end":{"line":67,"column":19}}],"line":31}},"s":{"0":1,"1":10,"2":4,"3":1,"4":1,"5":1,"6":1,"7":1,"8":1},"f":{"0":10},"b":{"0":[1],"1":[1,2,3,4,1,1,1,1,1,1]},"_coverageSchema":"43e27e138ebf9cfc5966b082cf9a028302ed4184","hash":"917ca175f9eb0641a81ce460d48bbaf83a219d03"}
,"/Users/ofoegbugoodnews/projects/react-native-projects/startersaga/src/redux/sagas/userSaga.js": {"path":"/Users/ofoegbugoodnews/projects/react-native-projects/startersaga/src/redux/sagas/userSaga.js","statementMap":{"0":{"start":{"line":19,"column":2},"end":{"line":25,"column":3}},"1":{"start":{"line":20,"column":17},"end":{"line":20,"column":51}},"2":{"start":{"line":21,"column":4},"end":{"line":21,"column":39}},"3":{"start":{"line":22,"column":4},"end":{"line":22,"column":19}},"4":{"start":{"line":24,"column":4},"end":{"line":24,"column":39}},"5":{"start":{"line":29,"column":2},"end":{"line":35,"column":3}},"6":{"start":{"line":30,"column":4},"end":{"line":30,"column":47}},"7":{"start":{"line":31,"column":4},"end":{"line":31,"column":39}},"8":{"start":{"line":32,"column":4},"end":{"line":32,"column":26}},"9":{"start":{"line":34,"column":4},"end":{"line":34,"column":60}},"10":{"start":{"line":39,"column":2},"end":{"line":47,"column":3}},"11":{"start":{"line":40,"column":4},"end":{"line":40,"column":78}},"12":{"start":{"line":41,"column":17},"end":{"line":41,"column":48}},"13":{"start":{"line":42,"column":4},"end":{"line":42,"column":47}},"14":{"start":{"line":43,"column":4},"end":{"line":43,"column":54}},"15":{"start":{"line":44,"column":4},"end":{"line":44,"column":28}},"16":{"start":{"line":46,"column":4},"end":{"line":46,"column":57}},"17":{"start":{"line":51,"column":2},"end":{"line":57,"column":3}},"18":{"start":{"line":52,"column":4},"end":{"line":52,"column":46}},"19":{"start":{"line":53,"column":4},"end":{"line":53,"column":38}},"20":{"start":{"line":54,"column":4},"end":{"line":54,"column":19}},"21":{"start":{"line":56,"column":4},"end":{"line":56,"column":59}}},"fnMap":{"0":{"name":"userSignupSaga","decl":{"start":{"line":18,"column":17},"end":{"line":18,"column":31}},"loc":{"start":{"line":18,"column":40},"end":{"line":26,"column":1}},"line":18},"1":{"name":"forgotPasswordSaga","decl":{"start":{"line":28,"column":17},"end":{"line":28,"column":35}},"loc":{"start":{"line":28,"column":44},"end":{"line":36,"column":1}},"line":28},"2":{"name":"validateOTPSaga","decl":{"start":{"line":38,"column":17},"end":{"line":38,"column":32}},"loc":{"start":{"line":38,"column":41},"end":{"line":48,"column":1}},"line":38},"3":{"name":"resetPasswordSaga","decl":{"start":{"line":50,"column":17},"end":{"line":50,"column":34}},"loc":{"start":{"line":50,"column":43},"end":{"line":58,"column":1}},"line":50}},"branchMap":{},"s":{"0":2,"1":2,"2":2,"3":2,"4":2,"5":0,"6":0,"7":0,"8":0,"9":0,"10":0,"11":0,"12":0,"13":0,"14":0,"15":0,"16":0,"17":0,"18":0,"19":0,"20":0,"21":0},"f":{"0":2,"1":0,"2":0,"3":0},"b":{},"_coverageSchema":"43e27e138ebf9cfc5966b082cf9a028302ed4184","hash":"18a623d04fed0505d0ae1d156f6feb4a4c6f0635"}
,"/Users/ofoegbugoodnews/projects/react-native-projects/startersaga/src/redux/types/authType.js": {"path":"/Users/ofoegbugoodnews/projects/react-native-projects/startersaga/src/redux/types/authType.js","statementMap":{"0":{"start":{"line":1,"column":34},"end":{"line":1,"column":54}},"1":{"start":{"line":2,"column":34},"end":{"line":2,"column":54}},"2":{"start":{"line":3,"column":32},"end":{"line":3,"column":50}},"3":{"start":{"line":5,"column":35},"end":{"line":5,"column":56}},"4":{"start":{"line":6,"column":35},"end":{"line":6,"column":56}},"5":{"start":{"line":7,"column":33},"end":{"line":7,"column":52}},"6":{"start":{"line":9,"column":42},"end":{"line":9,"column":70}},"7":{"start":{"line":10,"column":42},"end":{"line":10,"column":70}},"8":{"start":{"line":11,"column":40},"end":{"line":11,"column":66}},"9":{"start":{"line":13,"column":28},"end":{"line":13,"column":42}}},"fnMap":{},"branchMap":{},"s":{"0":5,"1":5,"2":5,"3":5,"4":5,"5":5,"6":5,"7":5,"8":5,"9":5},"f":{},"b":{},"_coverageSchema":"43e27e138ebf9cfc5966b082cf9a028302ed4184","hash":"9f3e77bb15fff7067c46774bf830680aa52b7490"}
,"/Users/ofoegbugoodnews/projects/react-native-projects/startersaga/src/redux/types/userType.js": {"path":"/Users/ofoegbugoodnews/projects/react-native-projects/startersaga/src/redux/types/userType.js","statementMap":{"0":{"start":{"line":1,"column":35},"end":{"line":1,"column":56}},"1":{"start":{"line":2,"column":35},"end":{"line":2,"column":56}},"2":{"start":{"line":3,"column":33},"end":{"line":3,"column":52}},"3":{"start":{"line":5,"column":39},"end":{"line":5,"column":64}},"4":{"start":{"line":6,"column":39},"end":{"line":6,"column":64}},"5":{"start":{"line":7,"column":37},"end":{"line":7,"column":60}},"6":{"start":{"line":9,"column":38},"end":{"line":9,"column":62}},"7":{"start":{"line":10,"column":38},"end":{"line":10,"column":62}},"8":{"start":{"line":11,"column":36},"end":{"line":11,"column":58}},"9":{"start":{"line":13,"column":36},"end":{"line":13,"column":58}},"10":{"start":{"line":14,"column":36},"end":{"line":14,"column":58}},"11":{"start":{"line":15,"column":34},"end":{"line":15,"column":54}},"12":{"start":{"line":17,"column":27},"end":{"line":17,"column":40}}},"fnMap":{},"branchMap":{},"s":{"0":5,"1":5,"2":5,"3":5,"4":5,"5":5,"6":5,"7":5,"8":5,"9":5,"10":5,"11":5,"12":5},"f":{},"b":{},"_coverageSchema":"43e27e138ebf9cfc5966b082cf9a028302ed4184","hash":"bb4ab823cc70d3f9a8a60e4bb85905e3ee581217"}
,"/Users/ofoegbugoodnews/projects/react-native-projects/startersaga/tests/data/index.js": {"path":"/Users/ofoegbugoodnews/projects/react-native-projects/startersaga/tests/data/index.js","statementMap":{"0":{"start":{"line":1,"column":21},"end":{"line":46,"column":1}}},"fnMap":{},"branchMap":{},"s":{"0":4},"f":{},"b":{},"_coverageSchema":"43e27e138ebf9cfc5966b082cf9a028302ed4184","hash":"8641f4d5239d5da4fbb9cb58921410cdab7d85e7"}
,"/Users/ofoegbugoodnews/projects/react-native-projects/startersaga/tests/redux/sagas/SagaTestConfig.js": {"path":"/Users/ofoegbugoodnews/projects/react-native-projects/startersaga/tests/redux/sagas/SagaTestConfig.js","statementMap":{"0":{"start":{"line":4,"column":21},"end":{"line":4,"column":23}},"1":{"start":{"line":6,"column":2},"end":{"line":12,"column":9}},"2":{"start":{"line":8,"column":28},"end":{"line":8,"column":51}},"3":{"start":{"line":13,"column":2},"end":{"line":13,"column":20}}},"fnMap":{"0":{"name":"recordSaga","decl":{"start":{"line":3,"column":22},"end":{"line":3,"column":32}},"loc":{"start":{"line":3,"column":48},"end":{"line":14,"column":1}},"line":3},"1":{"name":"(anonymous_1)","decl":{"start":{"line":8,"column":16},"end":{"line":8,"column":17}},"loc":{"start":{"line":8,"column":28},"end":{"line":8,"column":51}},"line":8}},"branchMap":{},"s":{"0":2,"1":2,"2":4,"3":2},"f":{"0":2,"1":4},"b":{},"_coverageSchema":"43e27e138ebf9cfc5966b082cf9a028302ed4184","hash":"12f9fea7d80c668af066bfb9dde1f17f7084ba08"}
}
