TN:
SF:/Users/ofoegbugoodnews/projects/react-native-projects/startersaga/src/api/user.js
FN:4,(anonymous_0)
FN:13,(anonymous_1)
FN:22,(anonymous_2)
FN:31,(anonymous_3)
FNF:4
FNH:0
FNDA:0,(anonymous_0)
FNDA:0,(anonymous_1)
FNDA:0,(anonymous_2)
FNDA:0,(anonymous_3)
DA:4,1
DA:5,0
DA:6,0
DA:7,0
DA:8,0
DA:10,0
DA:13,1
DA:14,0
DA:15,0
DA:16,0
DA:17,0
DA:19,0
DA:22,1
DA:23,0
DA:24,0
DA:25,0
DA:26,0
DA:28,0
DA:31,1
DA:32,0
DA:33,0
DA:34,0
DA:35,0
DA:37,0
LF:24
LH:4
BRDA:7,0,0,0
BRDA:7,0,1,0
BRDA:16,1,0,0
BRDA:16,1,1,0
BRDA:25,2,0,0
BRDA:25,2,1,0
BRDA:34,3,0,0
BRDA:34,3,1,0
BRF:8
BRH:0
end_of_record
TN:
SF:/Users/ofoegbugoodnews/projects/react-native-projects/startersaga/src/base/index.js
FNF:0
FNH:0
DA:3,2
LF:1
LH:1
BRF:0
BRH:0
end_of_record
TN:
SF:/Users/ofoegbugoodnews/projects/react-native-projects/startersaga/src/component/common/cards/Card.js
FN:4,(anonymous_0)
FNF:1
FNH:0
FNDA:0,(anonymous_0)
DA:4,2
DA:6,0
DA:8,0
DA:16,2
LF:4
LH:2
BRF:0
BRH:0
end_of_record
TN:
SF:/Users/ofoegbugoodnews/projects/react-native-projects/startersaga/src/component/common/cards/CardSection.js
FN:4,(anonymous_0)
FNF:1
FNH:0
FNDA:0,(anonymous_0)
DA:4,1
DA:5,0
DA:7,0
DA:13,1
LF:4
LH:2
BRF:0
BRH:0
end_of_record
TN:
SF:/Users/ofoegbugoodnews/projects/react-native-projects/startersaga/src/component/forms/auth/LoginFormInput.js
FN:10,(anonymous_0)
FN:18,(anonymous_1)
FN:28,(anonymous_2)
FN:39,(anonymous_3)
FNF:4
FNH:0
FNDA:0,(anonymous_0)
FNDA:0,(anonymous_1)
FNDA:0,(anonymous_2)
FNDA:0,(anonymous_3)
DA:11,0
DA:12,0
DA:18,0
DA:28,0
DA:39,1
DA:40,0
DA:41,0
DA:44,1
LF:8
LH:2
BRF:0
BRH:0
end_of_record
TN:
SF:/Users/ofoegbugoodnews/projects/react-native-projects/startersaga/src/component/forms/elements/Button.js
FN:4,(anonymous_0)
FNF:1
FNH:0
FNDA:0,(anonymous_0)
DA:4,1
DA:5,0
DA:6,0
DA:17,1
LF:4
LH:2
BRF:0
BRH:0
end_of_record
TN:
SF:/Users/ofoegbugoodnews/projects/react-native-projects/startersaga/src/component/forms/elements/Input.js
FN:4,(anonymous_0)
FNF:1
FNH:0
FNDA:0,(anonymous_0)
DA:4,1
DA:13,0
DA:14,0
DA:30,1
LF:4
LH:2
BRDA:9,0,0,0
BRDA:11,1,0,0
BRF:2
BRH:0
end_of_record
TN:
SF:/Users/ofoegbugoodnews/projects/react-native-projects/startersaga/src/component/layout/Header.js
FN:4,(anonymous_0)
FNF:1
FNH:1
FNDA:1,(anonymous_0)
DA:4,1
DA:5,1
DA:7,1
DA:17,1
LF:4
LH:4
BRF:0
BRH:0
end_of_record
TN:
SF:/Users/ofoegbugoodnews/projects/react-native-projects/startersaga/src/pages/auth/SigninScene.js
FN:13,(anonymous_0)
FN:18,(anonymous_1)
FN:29,(anonymous_2)
FN:30,(anonymous_3)
FN:42,(anonymous_4)
FNF:5
FNH:0
FNDA:0,(anonymous_0)
FNDA:0,(anonymous_1)
FNDA:0,(anonymous_2)
FNDA:0,(anonymous_3)
FNDA:0,(anonymous_4)
DA:13,0
DA:14,0
DA:15,0
DA:20,0
DA:29,0
DA:30,0
DA:37,1
DA:42,1
DA:43,0
DA:44,0
LF:10
LH:2
BRF:0
BRH:0
end_of_record
TN:
SF:/Users/ofoegbugoodnews/projects/react-native-projects/startersaga/src/redux/actions/authAction.js
FN:14,(anonymous_0)
FN:19,(anonymous_1)
FN:24,(anonymous_2)
FN:29,(anonymous_3)
FN:33,(anonymous_4)
FN:37,(anonymous_5)
FN:41,(anonymous_6)
FN:46,(anonymous_7)
FN:51,(anonymous_8)
FN:56,(anonymous_9)
FNF:10
FNH:10
FNDA:1,(anonymous_0)
FNDA:1,(anonymous_1)
FNDA:1,(anonymous_2)
FNDA:1,(anonymous_3)
FNDA:1,(anonymous_4)
FNDA:1,(anonymous_5)
FNDA:1,(anonymous_6)
FNDA:1,(anonymous_7)
FNDA:1,(anonymous_8)
FNDA:1,(anonymous_9)
DA:14,4
DA:19,4
DA:24,4
DA:29,4
DA:33,4
DA:37,4
DA:41,4
DA:46,4
DA:51,4
DA:56,4
LF:10
LH:10
BRF:0
BRH:0
end_of_record
TN:
SF:/Users/ofoegbugoodnews/projects/react-native-projects/startersaga/src/redux/actions/index.js
FNF:0
FNH:0
LF:0
LH:0
BRF:0
BRH:0
end_of_record
TN:
SF:/Users/ofoegbugoodnews/projects/react-native-projects/startersaga/src/redux/actions/userAction.js
FN:17,(anonymous_0)
FN:22,(anonymous_1)
FN:27,(anonymous_2)
FN:32,(anonymous_3)
FN:37,(anonymous_4)
FN:42,(anonymous_5)
FN:47,(anonymous_6)
FN:52,(anonymous_7)
FN:57,(anonymous_8)
FN:62,(anonymous_9)
FN:67,(anonymous_10)
FN:72,(anonymous_11)
FN:77,(anonymous_12)
FNF:13
FNH:13
FNDA:1,(anonymous_0)
FNDA:4,(anonymous_1)
FNDA:4,(anonymous_2)
FNDA:1,(anonymous_3)
FNDA:4,(anonymous_4)
FNDA:4,(anonymous_5)
FNDA:1,(anonymous_6)
FNDA:4,(anonymous_7)
FNDA:4,(anonymous_8)
FNDA:1,(anonymous_9)
FNDA:4,(anonymous_10)
FNDA:2,(anonymous_11)
FNDA:1,(anonymous_12)
DA:17,4
DA:22,4
DA:27,4
DA:32,4
DA:37,4
DA:42,4
DA:47,4
DA:52,4
DA:57,4
DA:62,4
DA:67,4
DA:72,4
DA:77,4
LF:13
LH:13
BRF:0
BRH:0
end_of_record
TN:
SF:/Users/ofoegbugoodnews/projects/react-native-projects/startersaga/src/redux/reducers/authReducer.js
FN:18,(anonymous_0)
FNF:1
FNH:1
FNDA:8,(anonymous_0)
DA:11,1
DA:19,8
DA:23,3
DA:28,1
DA:34,1
DA:40,1
DA:46,1
DA:51,1
LF:8
LH:8
BRDA:18,0,0,1
BRDA:19,1,0,1
BRDA:19,1,1,2
BRDA:19,1,2,3
BRDA:19,1,3,1
BRDA:19,1,4,1
BRDA:19,1,5,1
BRDA:19,1,6,1
BRDA:19,1,7,1
BRF:9
BRH:9
end_of_record
TN:
SF:/Users/ofoegbugoodnews/projects/react-native-projects/startersaga/src/redux/reducers/userReducers.js
FN:30,(anonymous_0)
FNF:1
FNH:1
FNDA:10,(anonymous_0)
DA:14,1
DA:31,10
DA:36,4
DA:41,1
DA:46,1
DA:52,1
DA:57,1
DA:62,1
DA:67,1
LF:9
LH:9
BRDA:30,0,0,1
BRDA:31,1,0,1
BRDA:31,1,1,2
BRDA:31,1,2,3
BRDA:31,1,3,4
BRDA:31,1,4,1
BRDA:31,1,5,1
BRDA:31,1,6,1
BRDA:31,1,7,1
BRDA:31,1,8,1
BRDA:31,1,9,1
BRF:11
BRH:11
end_of_record
TN:
SF:/Users/ofoegbugoodnews/projects/react-native-projects/startersaga/src/redux/sagas/userSaga.js
FN:18,userSignupSaga
FN:28,forgotPasswordSaga
FN:38,validateOTPSaga
FN:50,resetPasswordSaga
FNF:4
FNH:4
FNDA:2,userSignupSaga
FNDA:2,forgotPasswordSaga
FNDA:2,validateOTPSaga
FNDA:2,resetPasswordSaga
DA:19,2
DA:20,2
DA:21,2
DA:22,2
DA:24,2
DA:29,2
DA:30,2
DA:31,2
DA:32,2
DA:34,2
DA:39,2
DA:40,2
DA:41,2
DA:42,2
DA:43,0
DA:44,0
DA:46,0
DA:51,2
DA:52,2
DA:53,2
DA:54,2
DA:56,2
LF:22
LH:19
BRF:0
BRH:0
end_of_record
TN:
SF:/Users/ofoegbugoodnews/projects/react-native-projects/startersaga/src/redux/types/authType.js
FNF:0
FNH:0
DA:1,5
DA:2,5
DA:3,5
DA:5,5
DA:6,5
DA:7,5
DA:9,5
DA:10,5
DA:11,5
DA:13,5
LF:10
LH:10
BRF:0
BRH:0
end_of_record
TN:
SF:/Users/ofoegbugoodnews/projects/react-native-projects/startersaga/src/redux/types/userType.js
FNF:0
FNH:0
DA:1,5
DA:2,5
DA:3,5
DA:5,5
DA:6,5
DA:7,5
DA:9,5
DA:10,5
DA:11,5
DA:13,5
DA:14,5
DA:15,5
DA:17,5
LF:13
LH:13
BRF:0
BRH:0
end_of_record
TN:
SF:/Users/ofoegbugoodnews/projects/react-native-projects/startersaga/tests/data/index.js
FNF:0
FNH:0
DA:1,4
LF:1
LH:1
BRF:0
BRH:0
end_of_record
TN:
SF:/Users/ofoegbugoodnews/projects/react-native-projects/startersaga/tests/redux/sagas/SagaTestConfig.js
FN:3,recordSaga
FN:8,(anonymous_1)
FNF:2
FNH:2
FNDA:8,recordSaga
FNDA:14,(anonymous_1)
DA:4,8
DA:6,8
DA:8,14
DA:13,8
LF:4
LH:4
BRF:0
BRH:0
end_of_record
