TN:
SF:/Users/ofoegbugoodnews/projects/react-native-projects/startersaga/src/api/user.js
FN:4,(anonymous_0)
FN:13,(anonymous_1)
FN:22,(anonymous_2)
FN:31,(anonymous_3)
FNF:4
FNH:0
FNDA:0,(anonymous_0)
FNDA:0,(anonymous_1)
FNDA:0,(anonymous_2)
FNDA:0,(anonymous_3)
DA:4,1
DA:5,0
DA:6,0
DA:7,0
DA:8,0
DA:10,0
DA:13,1
DA:14,0
DA:15,0
DA:16,0
DA:17,0
DA:19,0
DA:22,1
DA:23,0
DA:24,0
DA:25,0
DA:26,0
DA:28,0
DA:31,1
DA:32,0
DA:33,0
DA:34,0
DA:35,0
DA:37,0
LF:24
LH:4
BRDA:7,0,0,0
BRDA:7,0,1,0
BRDA:16,1,0,0
BRDA:16,1,1,0
BRDA:25,2,0,0
BRDA:25,2,1,0
BRDA:34,3,0,0
BRDA:34,3,1,0
BRF:8
BRH:0
end_of_record
TN:
SF:/Users/ofoegbugoodnews/projects/react-native-projects/startersaga/src/redux/sagas/userSaga.js
FN:18,userSignupSaga
FN:28,forgotPasswordSaga
FN:38,validateOTPSaga
FN:50,resetPasswordSaga
FNF:4
FNH:1
FNDA:1,userSignupSaga
FNDA:0,forgotPasswordSaga
FNDA:0,validateOTPSaga
FNDA:0,resetPasswordSaga
DA:19,1
DA:20,1
DA:21,0
DA:22,0
DA:24,1
DA:29,0
DA:30,0
DA:31,0
DA:32,0
DA:34,0
DA:39,0
DA:40,0
DA:41,0
DA:42,0
DA:43,0
DA:44,0
DA:46,0
DA:51,0
DA:52,0
DA:53,0
DA:54,0
DA:56,0
LF:22
LH:3
BRF:0
BRH:0
end_of_record
TN:
SF:/Users/ofoegbugoodnews/projects/react-native-projects/startersaga/tests/redux/sagas/TestUtils.js
FN:3,recordSaga
FN:8,(anonymous_1)
FNF:2
FNH:1
FNDA:1,recordSaga
FNDA:0,(anonymous_1)
DA:4,1
DA:6,1
DA:8,0
DA:14,1
LF:4
LH:3
BRF:0
BRH:0
end_of_record
